<?xml version="1.0" encoding="UTF-8"?>
<!-- Generated by org.testng.reporters.JUnitXMLReporter -->
<testsuite hostname="LFR015654" name="Default test" tests="3" failures="0" timestamp="16 Aug 2016 09:24:44 GMT" time="16.617" errors="0">
  <testcase name="demarrageZap" time="0.031" classname="Test.NewTest_ZAP"/>
  <testcase name="lancementSelenium" time="10.101" classname="Test.NewTest_ZAP"/>
  <testcase name="generationReport" time="6.483" classname="Test.NewTest_ZAP"/>
</testsuite> <!-- Default test -->
