<?xml version="1.0" encoding="UTF-8"?>
<!-- Generated by org.testng.reporters.JUnitXMLReporter -->
<testsuite hostname="LFR015654" name="Test" tests="3" failures="0" timestamp="16 Aug 2016 13:35:28 GMT" time="22.639" errors="0">
  <testcase name="demarrageZap" time="0.009" classname="Test.NewTest_ZAP"/>
  <testcase name="lancementSelenium" time="16.083" classname="Test.NewTest_ZAP"/>
  <testcase name="generationReport" time="6.538" classname="Test.NewTest_ZAP"/>
</testsuite> <!-- Test -->
