<?xml version="1.0" encoding="UTF-8"?>
<!-- Generated by org.testng.reporters.JUnitXMLReporter -->
<testsuite hostname="LFR011478" name="Test" tests="3" failures="1" timestamp="17 Aug 2016 13:24:11 GMT" time="12.876" errors="0">
  <testcase name="demarrageZap" time="0.012" classname="Test.NewTest_ZAP"/>
  <testcase name="lancementSelenium" time="11.822" classname="Test.NewTest_ZAP"/>
  <testcase name="generationReport" time="1.03" classname="Test.NewTest_ZAP">
    <failure type="br.com.softplan.security.zap.zaproxy.clientapi.core.ClientApiException" message="java.lang.NullPointerException">
      <![CDATA[br.com.softplan.security.zap.zaproxy.clientapi.core.ClientApiException: java.lang.NullPointerException
	at br.com.softplan.security.zap.zaproxy.clientapi.core.ClientApi.callApiOther(ClientApi.java:324)
	at br.com.softplan.security.zap.zaproxy.clientapi.gen.Core.xmlreport(Core.java:547)
	at configZAP.Zap.GeneratingReport(Unknown Source)
	at Test.NewTest_ZAP.generationReport(Unknown Source)
Caused by: java.lang.NullPointerException
	at br.com.softplan.security.zap.zaproxy.clientapi.core.ClientApi.callApiOther(ClientApi.java:319)
	... 26 more
... Removed 23 stack frames]]>
    </failure>
  </testcase> <!-- generationReport -->
</testsuite> <!-- Test -->
